<?xml version="1.0" encoding="UTF-8"?>
<!-- Generated by org.testng.reporters.JUnitReportReporter -->
<testsuite hostname="DESKTOP-N75KIJF" failures="0" tests="1" name="com.tests.BasePageTest" time="0.039" errors="0" timestamp="2021-05-27T18:38:55 CST" skipped="0">
  <testcase classname="com.tests.BasePageTest" name="verifyHomePage" time="0.039"/>
  <system-out/>
</testsuite> <!-- com.tests.BasePageTest -->
